<?xml version="1.0" encoding="UTF-8"?>
<!-- Generated by org.testng.reporters.JUnitReportReporter -->
<testsuite hostname="DhanviJashu" failures="1" tests="1" name="cucumberOptions.FailedTestRunner" time="9.987" errors="0" timestamp="2025-07-05T11:38:17 PDT" skipped="0">
  <testcase classname="cucumberOptions.FailedTestRunner" name="runScenario" time="9.987">
    <failure message="expected [Beetroot] but found [No data]" type="java.lang.AssertionError">
      <![CDATA[java.lang.AssertionError: expected [Beetroot] but found [No data]
at org.testng.Assert.fail(Assert.java:111)
at org.testng.Assert.failNotEquals(Assert.java:1590)
at org.testng.Assert.assertEqualsImpl(Assert.java:150)
at org.testng.Assert.assertEquals(Assert.java:132)
at org.testng.Assert.assertEquals(Assert.java:656)
at org.testng.Assert.assertEquals(Assert.java:666)
at stepDefs.OffersPageSteps.validate_product_name_in_offers_page_matches_with_landing_page(OffersPageSteps.java:47)
at ✽.validate product name in offers page matches with landing page(file:///C:/Users/neelu/eclipse-workspace/CucumberFramework/src/test/java/features/searchProduct.feature:7)
]]>
    </failure>
  </testcase> <!-- runScenario -->
</testsuite> <!-- cucumberOptions.FailedTestRunner -->
